<?xml version="1.0" encoding="UTF-8"?>
<testng-results ignored="0" total="1" passed="1" failed="0" skipped="0">
  <reporter-output>
    <line>
      <![CDATA[database connected]]>
    </line>
    <line>
      <![CDATA[browser launched]]>
    </line>
    <line>
      <![CDATA[logged in to actitime]]>
    </line>
    <line>
      <![CDATA[logged out succesfully]]>
    </line>
    <line>
      <![CDATA[Browser closed]]>
    </line>
    <line>
      <![CDATA[database disconnected]]>
    </line>
  </reporter-output>
  <suite started-at="2023-06-05T10:13:51 IST" name="Default suite" finished-at="2023-06-05T10:14:14 IST" duration-ms="23254">
    <groups>
    </groups>
    <test started-at="2023-06-05T10:13:51 IST" name="Default test" finished-at="2023-06-05T10:14:14 IST" duration-ms="23254">
      <class name="com.Actitime.TestScripts.CreateCustomer">
        <test-method is-config="true" signature="databaseconnection()[pri:0, instance:com.Actitime.TestScripts.CreateCustomer@2b91004a]" started-at="2023-06-05T10:13:51 IST" name="databaseconnection" finished-at="2023-06-05T10:13:51 IST" duration-ms="5" status="PASS">
          <reporter-output>
            <line>
              <![CDATA[database connected]]>
            </line>
          </reporter-output>
        </test-method> <!-- databaseconnection -->
        <test-method is-config="true" signature="launchBrowser()[pri:0, instance:com.Actitime.TestScripts.CreateCustomer@2b91004a]" started-at="2023-06-05T10:13:51 IST" name="launchBrowser" finished-at="2023-06-05T10:14:04 IST" duration-ms="12625" status="PASS">
          <reporter-output>
            <line>
              <![CDATA[browser launched]]>
            </line>
          </reporter-output>
        </test-method> <!-- launchBrowser -->
        <test-method is-config="true" signature="login()[pri:0, instance:com.Actitime.TestScripts.CreateCustomer@2b91004a]" started-at="2023-06-05T10:14:04 IST" name="login" finished-at="2023-06-05T10:14:04 IST" duration-ms="254" status="PASS">
          <reporter-output>
            <line>
              <![CDATA[logged in to actitime]]>
            </line>
          </reporter-output>
        </test-method> <!-- login -->
        <test-method signature="createcustomer()[pri:0, instance:com.Actitime.TestScripts.CreateCustomer@2b91004a]" started-at="2023-06-05T10:14:04 IST" name="createcustomer" finished-at="2023-06-05T10:14:12 IST" duration-ms="8173" status="PASS">
          <reporter-output>
          </reporter-output>
        </test-method> <!-- createcustomer -->
        <test-method is-config="true" signature="logout()[pri:0, instance:com.Actitime.TestScripts.CreateCustomer@2b91004a]" started-at="2023-06-05T10:14:12 IST" name="logout" finished-at="2023-06-05T10:14:14 IST" duration-ms="2003" status="PASS">
          <reporter-output>
            <line>
              <![CDATA[logged out succesfully]]>
            </line>
          </reporter-output>
        </test-method> <!-- logout -->
        <test-method is-config="true" signature="closeBrowser()[pri:0, instance:com.Actitime.TestScripts.CreateCustomer@2b91004a]" started-at="2023-06-05T10:14:14 IST" name="closeBrowser" finished-at="2023-06-05T10:14:14 IST" duration-ms="171" status="PASS">
          <reporter-output>
            <line>
              <![CDATA[Browser closed]]>
            </line>
          </reporter-output>
        </test-method> <!-- closeBrowser -->
        <test-method is-config="true" signature="databasedisconnection()[pri:0, instance:com.Actitime.TestScripts.CreateCustomer@2b91004a]" started-at="2023-06-05T10:14:14 IST" name="databasedisconnection" finished-at="2023-06-05T10:14:14 IST" duration-ms="0" status="PASS">
          <reporter-output>
            <line>
              <![CDATA[database disconnected]]>
            </line>
          </reporter-output>
        </test-method> <!-- databasedisconnection -->
      </class> <!-- com.Actitime.TestScripts.CreateCustomer -->
    </test> <!-- Default test -->
  </suite> <!-- Default suite -->
</testng-results>
